<?xml version="1.1" encoding="UTF-8"?>
<testsuite name="co.edu.udea.appempresariales.examples.calculatorTest" tests="2" failures="0" errors="0" timestamp="2015-11-28T15:20:58" hostname="lis-sala4" time="0.001">
  <properties/>
  <testcase name="add_1_1" classname="co.edu.udea.appempresariales.examples.calculatorTest" time="0.001"/>
  <testcase name="add_2_2" classname="co.edu.udea.appempresariales.examples.calculatorTest" time="0.0"/>
  <system-out><![CDATA[]]></system-out>
  <system-err><![CDATA[]]></system-err>
</testsuite>
